<?xml version="1.0" encoding="UTF-8"?>
<testng-results skipped="0" failed="0" ignored="0" total="1" passed="1">
  <reporter-output>
  </reporter-output>
  <suite name="Unbxd_EC.Unbxd_EC.AppTest" duration-ms="16307" started-at="2019-05-22T05:36:33Z" finished-at="2019-05-22T05:36:49Z">
    <groups>
    </groups>
    <test name="Command line test" duration-ms="16307" started-at="2019-05-22T05:36:33Z" finished-at="2019-05-22T05:36:49Z">
      <class name="Unbxd_EC.Unbxd_EC.AppTest">
        <test-method status="PASS" signature="testDemo()[pri:0, instance:Unbxd_EC.Unbxd_EC.AppTest@3d24753a]" name="testDemo" duration-ms="16278" started-at="2019-05-22T11:06:33Z" finished-at="2019-05-22T11:06:49Z">
          <reporter-output>
          </reporter-output>
        </test-method> <!-- testDemo -->
      </class> <!-- Unbxd_EC.Unbxd_EC.AppTest -->
    </test> <!-- Command line test -->
  </suite> <!-- Unbxd_EC.Unbxd_EC.AppTest -->
</testng-results>
