<?xml version="1.0" encoding="UTF-8"?>
<testng-results skipped="0" failed="0" ignored="0" total="1" passed="1">
  <reporter-output>
  </reporter-output>
  <suite name="Default suite" duration-ms="18262" started-at="2019-05-21T09:54:02Z" finished-at="2019-05-21T09:54:20Z">
    <groups>
    </groups>
    <test name="Default test" duration-ms="18262" started-at="2019-05-21T09:54:02Z" finished-at="2019-05-21T09:54:20Z">
      <class name="Unbxd_EC.Unbxd_EC.AppTest">
        <test-method status="PASS" signature="testDemo()[pri:0, instance:Unbxd_EC.Unbxd_EC.AppTest@51081592]" name="testDemo" duration-ms="18231" started-at="2019-05-21T15:24:02Z" finished-at="2019-05-21T15:24:20Z">
          <reporter-output>
          </reporter-output>
        </test-method> <!-- testDemo -->
      </class> <!-- Unbxd_EC.Unbxd_EC.AppTest -->
    </test> <!-- Default test -->
  </suite> <!-- Default suite -->
</testng-results>
